2023-10-28T16:10:29+00:00 CRITICAL Uncaught TypeError: unserialize(): Argument #1 ($data) must be of type string, array given in C:\laragon\www\wp-content\plugins\kh-wpforms-db\Inc\KHdb.php:133
Stack trace:
#0 C:\laragon\www\wp-content\plugins\kh-wpforms-db\Inc\KHdb.php(133): unserialize(Array)
#1 C:\laragon\www\wp-content\plugins\kh-wpforms-db\main.php(427): KHdb->retrieve_form_id()
#2 C:\laragon\www\wp-includes\shortcodes.php(433): KHMYCLASS->display_form_values_shortcode('', '', 'display_form_va...')
#3 [internal function]: do_shortcode_tag(Array)
#4 C:\laragon\www\wp-includes\shortcodes.php(273): preg_replace_callback('/\\[(\\[?)(displa...', 'do_shortcode_ta...', '\n[wpforms id="6...')
#5 C:\laragon\www\wp-includes\class-wp-hook.php(310): do_shortcode('\n[wpforms id="6...')
#6 C:\laragon\www\wp-includes\plugin.php(205): WP_Hook->apply_filters('\n[wpforms id="6...', Array)
#7 C:\laragon\www\wp-includes\blocks\post-content.php(54): apply_filters('the_content', '<!-- wp:paragra...')
#8 C:\laragon\www\wp-includes\class-wp-block.php(258): render_block_core_post_content(Array, '<!-- wp:paragra...', Object(WP_Block))
#9 C:\laragon\www\wp-includes\class-wp-block.php(244): WP_Block->render()
#10 C:\laragon\www\wp-includes\blocks.php(1133): WP_Block->render()
#11 C:\laragon\www\wp-includes\blocks.php(1171): render_block(Array)
#12 C:\laragon\www\wp-includes\block-template.php(231): do_blocks('<!-- wp:templat...')
#13 C:\laragon\www\wp-includes\template-canvas.php(12): get_the_block_template_html()
#14 C:\laragon\www\wp-includes\template-loader.php(106): include('C:\\laragon\\www\\...')
#15 C:\laragon\www\wp-blog-header.php(19): require_once('C:\\laragon\\www\\...')
#16 C:\laragon\www\index.php(17): require('C:\\laragon\\www\\...')
#17 {main}
  thrown in C:\laragon\www\wp-content\plugins\kh-wpforms-db\Inc\KHdb.php on line 133

2023-10-28T16:26:27+00:00 CRITICAL Uncaught TypeError: unserialize(): Argument #1 ($data) must be of type string, array given in C:\laragon\www\wp-content\plugins\kh-wpforms-db\Inc\KHdb.php:130
Stack trace:
#0 C:\laragon\www\wp-content\plugins\kh-wpforms-db\Inc\KHdb.php(130): unserialize(Array)
#1 C:\laragon\www\wp-content\plugins\kh-wpforms-db\main.php(427): KHdb->retrieve_form_id()
#2 C:\laragon\www\wp-includes\shortcodes.php(433): KHMYCLASS->display_form_values_shortcode('', '', 'display_form_va...')
#3 [internal function]: do_shortcode_tag(Array)
#4 C:\laragon\www\wp-includes\shortcodes.php(273): preg_replace_callback('/\\[(\\[?)(displa...', 'do_shortcode_ta...', '\n[wpforms id="6...')
#5 C:\laragon\www\wp-includes\class-wp-hook.php(310): do_shortcode('\n[wpforms id="6...')
#6 C:\laragon\www\wp-includes\plugin.php(205): WP_Hook->apply_filters('\n[wpforms id="6...', Array)
#7 C:\laragon\www\wp-includes\blocks\post-content.php(54): apply_filters('the_content', '<!-- wp:paragra...')
#8 C:\laragon\www\wp-includes\class-wp-block.php(258): render_block_core_post_content(Array, '<!-- wp:paragra...', Object(WP_Block))
#9 C:\laragon\www\wp-includes\class-wp-block.php(244): WP_Block->render()
#10 C:\laragon\www\wp-includes\blocks.php(1133): WP_Block->render()
#11 C:\laragon\www\wp-includes\blocks.php(1171): render_block(Array)
#12 C:\laragon\www\wp-includes\block-template.php(231): do_blocks('<!-- wp:templat...')
#13 C:\laragon\www\wp-includes\template-canvas.php(12): get_the_block_template_html()
#14 C:\laragon\www\wp-includes\template-loader.php(106): include('C:\\laragon\\www\\...')
#15 C:\laragon\www\wp-blog-header.php(19): require_once('C:\\laragon\\www\\...')
#16 C:\laragon\www\index.php(17): require('C:\\laragon\\www\\...')
#17 {main}
  thrown in C:\laragon\www\wp-content\plugins\kh-wpforms-db\Inc\KHdb.php on line 130

2023-10-28T16:41:51+00:00 CRITICAL Uncaught ArgumentCountError: Too few arguments to function KHdb::retrieve_form_values(), 0 passed in C:\laragon\www\wp-content\plugins\kh-wpforms-db\main.php on line 430 and exactly 1 expected in C:\laragon\www\wp-content\plugins\kh-wpforms-db\Inc\KHdb.php:189
Stack trace:
#0 C:\laragon\www\wp-content\plugins\kh-wpforms-db\main.php(430): KHdb->retrieve_form_values()
#1 C:\laragon\www\wp-includes\shortcodes.php(433): KHMYCLASS->display_form_values_shortcode('', '', 'display_form_va...')
#2 [internal function]: do_shortcode_tag(Array)
#3 C:\laragon\www\wp-includes\shortcodes.php(273): preg_replace_callback('/\\[(\\[?)(displa...', 'do_shortcode_ta...', '\n[wpforms id="6...')
#4 C:\laragon\www\wp-includes\class-wp-hook.php(310): do_shortcode('\n[wpforms id="6...')
#5 C:\laragon\www\wp-includes\plugin.php(205): WP_Hook->apply_filters('\n[wpforms id="6...', Array)
#6 C:\laragon\www\wp-includes\blocks\post-content.php(54): apply_filters('the_content', '<!-- wp:paragra...')
#7 C:\laragon\www\wp-includes\class-wp-block.php(258): render_block_core_post_content(Array, '<!-- wp:paragra...', Object(WP_Block))
#8 C:\laragon\www\wp-includes\class-wp-block.php(244): WP_Block->render()
#9 C:\laragon\www\wp-includes\blocks.php(1133): WP_Block->render()
#10 C:\laragon\www\wp-includes\blocks.php(1171): render_block(Array)
#11 C:\laragon\www\wp-includes\block-template.php(231): do_blocks('<!-- wp:templat...')
#12 C:\laragon\www\wp-includes\template-canvas.php(12): get_the_block_template_html()
#13 C:\laragon\www\wp-includes\template-loader.php(106): include('C:\\laragon\\www\\...')
#14 C:\laragon\www\wp-blog-header.php(19): require_once('C:\\laragon\\www\\...')
#15 C:\laragon\www\index.php(17): require('C:\\laragon\\www\\...')
#16 {main}
  thrown in C:\laragon\www\wp-content\plugins\kh-wpforms-db\Inc\KHdb.php on line 189

2023-10-28T21:55:21+00:00 CRITICAL Uncaught TypeError: call_user_func(): Argument #1 ($callback) must be a valid callback, class KHSettings does not have a method "color2_html" in C:\laragon\www\wp-admin\includes\template.php:1824
Stack trace:
#0 C:\laragon\www\wp-admin\includes\template.php(1778): do_settings_fields('khwpformsdb', 'cliowp_settings...')
#1 C:\laragon\www\wp-content\plugins\kh-wpforms-db\Inc\KHSettings.php(760): do_settings_sections('khwpformsdb')
#2 C:\laragon\www\wp-includes\class-wp-hook.php(310): KHSettings->settings_page_html('')
#3 C:\laragon\www\wp-includes\class-wp-hook.php(334): WP_Hook->apply_filters('', Array)
#4 C:\laragon\www\wp-includes\plugin.php(517): WP_Hook->do_action(Array)
#5 C:\laragon\www\wp-admin\admin.php(259): do_action('settings_page_k...')
#6 C:\laragon\www\wp-admin\options-general.php(10): require_once('C:\\laragon\\www\\...')
#7 {main}
  thrown in C:\laragon\www\wp-admin\includes\template.php on line 1824

2023-10-28T21:55:52+00:00 CRITICAL Uncaught TypeError: call_user_func(): Argument #1 ($callback) must be a valid callback, class KHSettings does not have a method "color2_html" in C:\laragon\www\wp-admin\includes\template.php:1824
Stack trace:
#0 C:\laragon\www\wp-admin\includes\template.php(1778): do_settings_fields('khwpformsdb', 'cliowp_settings...')
#1 C:\laragon\www\wp-content\plugins\kh-wpforms-db\Inc\KHSettings.php(760): do_settings_sections('khwpformsdb')
#2 C:\laragon\www\wp-includes\class-wp-hook.php(310): KHSettings->settings_page_html('')
#3 C:\laragon\www\wp-includes\class-wp-hook.php(334): WP_Hook->apply_filters('', Array)
#4 C:\laragon\www\wp-includes\plugin.php(517): WP_Hook->do_action(Array)
#5 C:\laragon\www\wp-admin\admin.php(259): do_action('settings_page_k...')
#6 C:\laragon\www\wp-admin\options-general.php(10): require_once('C:\\laragon\\www\\...')
#7 {main}
  thrown in C:\laragon\www\wp-admin\includes\template.php on line 1824

